19:52:18 **** Incremental Build of configuration armv7le-debug for project Pedestrian ****
make -j4 all 
make: Nothing to be done for 'all'.
20:00:12 **** Incremental Build of configuration armv7le-debug for project Pedestrian ****
make -j4 all 
qcc -Vgcc_ntoarmv7le -c -Wp,-MMD,build/armv7le-debug/src/Pedestrian.d,-MT,build/armv7le-debug/src/Pedestrian.o -o build/armv7le-debug/src/Pedestrian.o  -Wall -fmessage-length=0 -g -O0 -fno-builtin  src/Pedestrian.c
src/Pedestrian.c: In function 'changeState':
src/Pedestrian.c:21:10: warning: pointer targets in passing argument 1 of 'sprintf' differ in signedness [-Wpointer-sign]
  sprintf(LCDdata,"CLICKED");
          ^
In file included from src/Pedestrian.c:1:0:
C:/qnx700/target/qnx7/usr/include/stdio.h:184:12: note: expected 'char *' but argument is of type 'uint8_t * {aka unsigned char *}'
 extern int sprintf(char *__s, const char *__format, ...);
            ^
src/Pedestrian.c: In function 'pedestrian_sm':
src/Pedestrian.c:41:11: warning: pointer targets in passing argument 1 of 'sprintf' differ in signedness [-Wpointer-sign]
   sprintf(LCDdata,"RED");
           ^
In file included from src/Pedestrian.c:1:0:
C:/qnx700/target/qnx7/usr/include/stdio.h:184:12: note: expected 'char *' but argument is of type 'uint8_t * {aka unsigned char *}'
 extern int sprintf(char *__s, const char *__format, ...);
            ^
src/Pedestrian.c:45:11: warning: pointer targets in passing argument 1 of 'sprintf' differ in signedness [-Wpointer-sign]
   sprintf(LCDdata,"GREEN");
           ^
In file included from src/Pedestrian.c:1:0:
C:/qnx700/target/qnx7/usr/include/stdio.h:184:12: note: expected 'char *' but argument is of type 'uint8_t * {aka unsigned char *}'
 extern int sprintf(char *__s, const char *__format, ...);
            ^
src/Pedestrian.c:66:11: warning: pointer targets in passing argument 1 of 'sprintf' differ in signedness [-Wpointer-sign]
   sprintf(LCDdata,"RED");
           ^
In file included from src/Pedestrian.c:1:0:
C:/qnx700/target/qnx7/usr/include/stdio.h:184:12: note: expected 'char *' but argument is of type 'uint8_t * {aka unsigned char *}'
 extern int sprintf(char *__s, const char *__format, ...);
            ^
src/Pedestrian.c:70:11: warning: pointer targets in passing argument 1 of 'sprintf' differ in signedness [-Wpointer-sign]
   sprintf(LCDdata,"YELLOW");
           ^
In file included from src/Pedestrian.c:1:0:
C:/qnx700/target/qnx7/usr/include/stdio.h:184:12: note: expected 'char *' but argument is of type 'uint8_t * {aka unsigned char *}'
 extern int sprintf(char *__s, const char *__format, ...);
            ^
src/Pedestrian.c:74:11: warning: pointer targets in passing argument 1 of 'sprintf' differ in signedness [-Wpointer-sign]
   sprintf(LCDdata,"         ");
           ^
In file included from src/Pedestrian.c:1:0:
C:/qnx700/target/qnx7/usr/include/stdio.h:184:12: note: expected 'char *' but argument is of type 'uint8_t * {aka unsigned char *}'
 extern int sprintf(char *__s, const char *__format, ...);
            ^
src/Pedestrian.c:93:11: warning: pointer targets in passing argument 1 of 'sprintf' differ in signedness [-Wpointer-sign]
   sprintf(LCDdata,"GREEN");
           ^
In file included from src/Pedestrian.c:1:0:
C:/qnx700/target/qnx7/usr/include/stdio.h:184:12: note: expected 'char *' but argument is of type 'uint8_t * {aka unsigned char *}'
 extern int sprintf(char *__s, const char *__format, ...);
            ^
src/Pedestrian.c:97:11: warning: pointer targets in passing argument 1 of 'sprintf' differ in signedness [-Wpointer-sign]
   sprintf(LCDdata,"RED       ");
           ^
In file included from src/Pedestrian.c:1:0:
C:/qnx700/target/qnx7/usr/include/stdio.h:184:12: note: expected 'char *' but argument is of type 'uint8_t * {aka unsigned char *}'
 extern int sprintf(char *__s, const char *__format, ...);
            ^
src/Pedestrian.c:117:11: warning: pointer targets in passing argument 1 of 'sprintf' differ in signedness [-Wpointer-sign]
   sprintf(LCDdata,"FLASH RED");
           ^
In file included from src/Pedestrian.c:1:0:
C:/qnx700/target/qnx7/usr/include/stdio.h:184:12: note: expected 'char *' but argument is of type 'uint8_t * {aka unsigned char *}'
 extern int sprintf(char *__s, const char *__format, ...);
            ^
src/Pedestrian.c:121:11: warning: pointer targets in passing argument 1 of 'sprintf' differ in signedness [-Wpointer-sign]
   sprintf(LCDdata,"RED       ");
           ^
In file included from src/Pedestrian.c:1:0:
C:/qnx700/target/qnx7/usr/include/stdio.h:184:12: note: expected 'char *' but argument is of type 'uint8_t * {aka unsigned char *}'
 extern int sprintf(char *__s, const char *__format, ...);
            ^
src/Pedestrian.c: In function 'kms':
src/Pedestrian.c:163:10: warning: passing argument 1 of 'printf' from incompatible pointer type [-Wincompatible-pointer-types]
   printf(stderr, "%s: couldn't ConnectAttach to self!\n", prog_name);
          ^
In file included from src/Pedestrian.c:1:0:
C:/qnx700/target/qnx7/usr/include/stdio.h:176:12: note: expected 'const char *' but argument is of type 'FILE * {aka struct _Filet *}'
 extern int printf(const char *__format, ...);
            ^
src/Pedestrian.c:175:10: warning: passing argument 1 of 'printf' from incompatible pointer type [-Wincompatible-pointer-types]
   printf(stderr, "%s: couldn't create a timer, errno %d\n", prog_name,
          ^
In file included from src/Pedestrian.c:1:0:
C:/qnx700/target/qnx7/usr/include/stdio.h:176:12: note: expected 'const char *' but argument is of type 'FILE * {aka struct _Filet *}'
 extern int printf(const char *__format, ...);
            ^
src/Pedestrian.c: In function 'main':
src/Pedestrian.c:234:37: error: 'client_thread' undeclared (first use in this function)
  pthread_create(&trainClient, NULL, client_thread, &train);
                                     ^
src/Pedestrian.c:234:37: note: each undeclared identifier is reported only once for each function it appears in
In file included from src/server.h:4:0,
                 from src/pedestrian.h:21,
                 from src/Pedestrian.c:4:
src/Pedestrian.c: At top level:
src/network.h:24:14: warning: 'CLIENT_NAMES' defined but not used [-Wunused-variable]
 static char *CLIENT_NAMES[NODE_COUNT] = { "Controller Node", "Freeway Node", "Malvern Intersection Node", "Train Node",
              ^
src/network.h:35:14: warning: 'COMMAND_STRS' defined but not used [-Wunused-variable]
 static char *COMMAND_STRS[COMMAND_COUNT] = {"Get State", "Set Sensor", "Change light timing", "Change light pattern"};
              ^
src/network.h:43:14: warning: 'CONN_STATE_STRS' defined but not used [-Wunused-variable]
 static char *CONN_STATE_STRS[CONN_STATE_COUNT] = {"Disconnected", "Connected"};
              ^
cc: C:/qnx700/host/win64/x86_64/usr/lib/gcc/arm-unknown-nto-qnx7.0.0eabi/5.4.0/cc1 caught signal 1
Makefile:55: recipe for target 'build/armv7le-debug/src/Pedestrian.o' failed
make: *** [build/armv7le-debug/src/Pedestrian.o] Error 1
20:00:38 **** Incremental Build of configuration armv7le-debug for project Pedestrian ****
make -j4 all 
qcc -Vgcc_ntoarmv7le -c -Wp,-MMD,build/armv7le-debug/src/server.d,-MT,build/armv7le-debug/src/server.o -o build/armv7le-debug/src/server.o  -Wall -fmessage-length=0 -g -O0 -fno-builtin  src/server.c
qcc -Vgcc_ntoarmv7le -c -Wp,-MMD,build/armv7le-debug/src/Pedestrian.d,-MT,build/armv7le-debug/src/Pedestrian.o -o build/armv7le-debug/src/Pedestrian.o  -Wall -fmessage-length=0 -g -O0 -fno-builtin  src/Pedestrian.c
qcc -Vgcc_ntoarmv7le -c -Wp,-MMD,build/armv7le-debug/src/lcd.d,-MT,build/armv7le-debug/src/lcd.o -o build/armv7le-debug/src/lcd.o  -Wall -fmessage-length=0 -g -O0 -fno-builtin  src/lcd.c
qcc -Vgcc_ntoarmv7le -c -Wp,-MMD,build/armv7le-debug/src/Sensors.d,-MT,build/armv7le-debug/src/Sensors.o -o build/armv7le-debug/src/Sensors.o  -Wall -fmessage-length=0 -g -O0 -fno-builtin  src/Sensors.c
src/server.c: In function 'server_thread':
src/server.c:12:10: warning: return makes pointer from integer without a cast [-Wint-conversion]
   return EXIT_FAILURE;
          ^
src/server.c:73:4: warning: enumeration value 'COMMAND_CHANGE_LIGHT_TIMING' not handled in switch [-Wswitch]
    switch(msg.command)
    ^
src/server.c:73:4: warning: enumeration value 'COMMAND_CHANGE_LIGHT_PATTERN' not handled in switch [-Wswitch]
In file included from src/server.h:4:0,
                 from src/server.c:1:
src/server.c: At top level:
src/network.h:43:14: warning: 'CONN_STATE_STRS' defined but not used [-Wunused-variable]
 static char *CONN_STATE_STRS[CONN_STATE_COUNT] = {"Disconnected", "Connected"};
              ^
src/Pedestrian.c: In function 'changeState':
src/Pedestrian.c:21:10: warning: pointer targets in passing argument 1 of 'sprintf' differ in signedness [-Wpointer-sign]
  sprintf(LCDdata,"CLICKED");
          ^
In file included from src/Pedestrian.c:1:0:
C:/qnx700/target/qnx7/usr/include/stdio.h:184:12: note: expected 'char *' but argument is of type 'uint8_t * {aka unsigned char *}'
 extern int sprintf(char *__s, const char *__format, ...);
            ^
src/Pedestrian.c: In function 'pedestrian_sm':
src/Pedestrian.c:41:11: warning: pointer targets in passing argument 1 of 'sprintf' differ in signedness [-Wpointer-sign]
   sprintf(LCDdata,"RED");
           ^
In file included from src/Pedestrian.c:1:0:
C:/qnx700/target/qnx7/usr/include/stdio.h:184:12: note: expected 'char *' but argument is of type 'uint8_t * {aka unsigned char *}'
 extern int sprintf(char *__s, const char *__format, ...);
            ^
src/Pedestrian.c:45:11: warning: pointer targets in passing argument 1 of 'sprintf' differ in signedness [-Wpointer-sign]
   sprintf(LCDdata,"GREEN");
           ^
In file included from src/Pedestrian.c:1:0:
C:/qnx700/target/qnx7/usr/include/stdio.h:184:12: note: expected 'char *' but argument is of type 'uint8_t * {aka unsigned char *}'
 extern int sprintf(char *__s, const char *__format, ...);
            ^
src/Pedestrian.c:66:11: warning: pointer targets in passing argument 1 of 'sprintf' differ in signedness [-Wpointer-sign]
   sprintf(LCDdata,"RED");
           ^
In file included from src/Pedestrian.c:1:0:
C:/qnx700/target/qnx7/usr/include/stdio.h:184:12: note: expected 'char *' but argument is of type 'uint8_t * {aka unsigned char *}'
 extern int sprintf(char *__s, const char *__format, ...);
            ^
src/Pedestrian.c:70:11: warning: pointer targets in passing argument 1 of 'sprintf' differ in signedness [-Wpointer-sign]
   sprintf(LCDdata,"YELLOW");
           ^
In file included from src/Pedestrian.c:1:0:
C:/qnx700/target/qnx7/usr/include/stdio.h:184:12: note: expected 'char *' but argument is of type 'uint8_t * {aka unsigned char *}'
 extern int sprintf(char *__s, const char *__format, ...);
            ^
src/Pedestrian.c:74:11: warning: pointer targets in passing argument 1 of 'sprintf' differ in signedness [-Wpointer-sign]
   sprintf(LCDdata,"         ");
           ^
In file included from src/Pedestrian.c:1:0:
C:/qnx700/target/qnx7/usr/include/stdio.h:184:12: note: expected 'char *' but argument is of type 'uint8_t * {aka unsigned char *}'
 extern int sprintf(char *__s, const char *__format, ...);
            ^
src/Pedestrian.c:93:11: warning: pointer targets in passing argument 1 of 'sprintf' differ in signedness [-Wpointer-sign]
   sprintf(LCDdata,"GREEN");
           ^
In file included from src/Pedestrian.c:1:0:
C:/qnx700/target/qnx7/usr/include/stdio.h:184:12: note: expected 'char *' but argument is of type 'uint8_t * {aka unsigned char *}'
 extern int sprintf(char *__s, const char *__format, ...);
            ^
src/Pedestrian.c:97:11: warning: pointer targets in passing argument 1 of 'sprintf' differ in signedness [-Wpointer-sign]
   sprintf(LCDdata,"RED       ");
           ^
In file included from src/Pedestrian.c:1:0:
C:/qnx700/target/qnx7/usr/include/stdio.h:184:12: note: expected 'char *' but argument is of type 'uint8_t * {aka unsigned char *}'
 extern int sprintf(char *__s, const char *__format, ...);
            ^
src/Pedestrian.c:117:11: warning: pointer targets in passing argument 1 of 'sprintf' differ in signedness [-Wpointer-sign]
   sprintf(LCDdata,"FLASH RED");
           ^
In file included from src/Pedestrian.c:1:0:
C:/qnx700/target/qnx7/usr/include/stdio.h:184:12: note: expected 'char *' but argument is of type 'uint8_t * {aka unsigned char *}'
 extern int sprintf(char *__s, const char *__format, ...);
            ^
src/Pedestrian.c:121:11: warning: pointer targets in passing argument 1 of 'sprintf' differ in signedness [-Wpointer-sign]
   sprintf(LCDdata,"RED       ");
           ^
In file included from src/Pedestrian.c:1:0:
C:/qnx700/target/qnx7/usr/include/stdio.h:184:12: note: expected 'char *' but argument is of type 'uint8_t * {aka unsigned char *}'
 extern int sprintf(char *__s, const char *__format, ...);
            ^
src/Pedestrian.c: In function 'kms':
src/Pedestrian.c:163:10: warning: passing argument 1 of 'printf' from incompatible pointer type [-Wincompatible-pointer-types]
   printf(stderr, "%s: couldn't ConnectAttach to self!\n", prog_name);
          ^
In file included from src/Pedestrian.c:1:0:
C:/qnx700/target/qnx7/usr/include/stdio.h:176:12: note: expected 'const char *' but argument is of type 'FILE * {aka struct _Filet *}'
 extern int printf(const char *__format, ...);
            ^
src/Pedestrian.c:175:10: warning: passing argument 1 of 'printf' from incompatible pointer type [-Wincompatible-pointer-types]
   printf(stderr, "%s: couldn't create a timer, errno %d\n", prog_name,
          ^
In file included from src/Pedestrian.c:1:0:
C:/qnx700/target/qnx7/usr/include/stdio.h:176:12: note: expected 'const char *' but argument is of type 'FILE * {aka struct _Filet *}'
 extern int printf(const char *__format, ...);
            ^
In file included from src/server.h:4:0,
                 from src/pedestrian.h:21,
                 from src/Pedestrian.c:4:
src/Pedestrian.c: At top level:
src/network.h:24:14: warning: 'CLIENT_NAMES' defined but not used [-Wunused-variable]
 static char *CLIENT_NAMES[NODE_COUNT] = { "Controller Node", "Freeway Node", "Malvern Intersection Node", "Train Node",
              ^
src/network.h:35:14: warning: 'COMMAND_STRS' defined but not used [-Wunused-variable]
 static char *COMMAND_STRS[COMMAND_COUNT] = {"Get State", "Set Sensor", "Change light timing", "Change light pattern"};
              ^
src/network.h:43:14: warning: 'CONN_STATE_STRS' defined but not used [-Wunused-variable]
 static char *CONN_STATE_STRS[CONN_STATE_COUNT] = {"Disconnected", "Connected"};
              ^
In file included from src/server.h:4:0,
                 from src/pedestrian.h:21,
                 from src/lcd.h:25,
                 from src/lcd.c:28:
src/network.h:24:14: warning: 'CLIENT_NAMES' defined but not used [-Wunused-variable]
 static char *CLIENT_NAMES[NODE_COUNT] = { "Controller Node", "Freeway Node", "Malvern Intersection Node", "Train Node",
              ^
src/network.h:35:14: warning: 'COMMAND_STRS' defined but not used [-Wunused-variable]
 static char *COMMAND_STRS[COMMAND_COUNT] = {"Get State", "Set Sensor", "Change light timing", "Change light pattern"};
              ^
src/network.h:43:14: warning: 'CONN_STATE_STRS' defined but not used [-Wunused-variable]
 static char *CONN_STATE_STRS[CONN_STATE_COUNT] = {"Disconnected", "Connected"};
              ^
src/lcd.c: In function 'init_LCD':
src/lcd.c:60:1: warning: control reaches end of non-void function [-Wreturn-type]
 }
 ^
src/Sensors.c: In function 'keypadMethod':
src/Sensors.c:112:9: warning: passing argument 1 of 'in32s' discards 'volatile' qualifier from pointer target type [-Wdiscarded-qualifiers]
   in32s(&val, 1, control_module + P9_12_pinConfig);
         ^
In file included from C:/qnx700/target/qnx7/usr/include/hw/inout.h:37:0,
                 from src/Sensors.h:37,
                 from src/Sensors.c:1:
C:/qnx700/target/qnx7/usr/include/arm/inout.h:106:1: note: expected 'void *' but argument is of type 'volatile uint32_t * {aka volatile unsigned int *}'
 in32s(void *__buff, unsigned __len, _Uintptrt __addr)
 ^
src/Sensors.c:127:9: warning: passing argument 1 of 'in32s' discards 'volatile' qualifier from pointer target type [-Wdiscarded-qualifiers]
   in32s(&val, 1, control_module + P9_12_pinConfig);   // Read it back
         ^
In file included from C:/qnx700/target/qnx7/usr/include/hw/inout.h:37:0,
                 from src/Sensors.h:37,
                 from src/Sensors.c:1:
C:/qnx700/target/qnx7/usr/include/arm/inout.h:106:1: note: expected 'void *' but argument is of type 'volatile uint32_t * {aka volatile unsigned int *}'
 in32s(void *__buff, unsigned __len, _Uintptrt __addr)
 ^
In file included from src/server.h:4:0,
                 from src/pedestrian.h:21,
                 from src/Sensors.h:45,
                 from src/Sensors.c:1:
src/Sensors.c: At top level:
src/network.h:24:14: warning: 'CLIENT_NAMES' defined but not used [-Wunused-variable]
 static char *CLIENT_NAMES[NODE_COUNT] = { "Controller Node", "Freeway Node", "Malvern Intersection Node", "Train Node",
              ^
src/network.h:35:14: warning: 'COMMAND_STRS' defined but not used [-Wunused-variable]
 static char *COMMAND_STRS[COMMAND_COUNT] = {"Get State", "Set Sensor", "Change light timing", "Change light pattern"};
              ^
src/network.h:43:14: warning: 'CONN_STATE_STRS' defined but not used [-Wunused-variable]
 static char *CONN_STATE_STRS[CONN_STATE_COUNT] = {"Disconnected", "Connected"};
              ^
qcc -Vgcc_ntoarmv7le -o build/armv7le-debug/Pedestrian   build/armv7le-debug/src/server.o build/armv7le-debug/src/Pedestrian.o build/armv7le-debug/src/client.o build/armv7le-debug/src/lcd.o build/armv7le-debug/src/Sensors.o  
20:00:41 **** Incremental Build of configuration armv7le-debug for project Pedestrian ****
make -j4 all 
make: Nothing to be done for 'all'.
20:02:11 **** Incremental Build of configuration armv7le-debug for project Pedestrian ****
make -j4 all 
qcc -Vgcc_ntoarmv7le -c -Wp,-MMD,build/armv7le-debug/src/server.d,-MT,build/armv7le-debug/src/server.o -o build/armv7le-debug/src/server.o  -Wall -fmessage-length=0 -g -O0 -fno-builtin  src/server.c
src/server.c: In function 'server_thread':
src/server.c:12:10: warning: return makes pointer from integer without a cast [-Wint-conversion]
   return EXIT_FAILURE;
          ^
src/server.c:73:4: warning: enumeration value 'COMMAND_CHANGE_LIGHT_TIMING' not handled in switch [-Wswitch]
    switch(msg.command)
    ^
src/server.c:73:4: warning: enumeration value 'COMMAND_CHANGE_LIGHT_PATTERN' not handled in switch [-Wswitch]
In file included from src/server.h:4:0,
                 from src/server.c:1:
src/server.c: At top level:
src/network.h:43:14: warning: 'CONN_STATE_STRS' defined but not used [-Wunused-variable]
 static char *CONN_STATE_STRS[CONN_STATE_COUNT] = {"Disconnected", "Connected"};
              ^
qcc -Vgcc_ntoarmv7le -o build/armv7le-debug/Pedestrian   build/armv7le-debug/src/server.o build/armv7le-debug/src/Pedestrian.o build/armv7le-debug/src/client.o build/armv7le-debug/src/lcd.o build/armv7le-debug/src/Sensors.o  
20:07:57 **** Incremental Build of configuration armv7le-debug for project Pedestrian ****
make -j4 all 
qcc -Vgcc_ntoarmv7le -c -Wp,-MMD,build/armv7le-debug/src/server.d,-MT,build/armv7le-debug/src/server.o -o build/armv7le-debug/src/server.o  -Wall -fmessage-length=0 -g -O0 -fno-builtin  src/server.c
qcc -Vgcc_ntoarmv7le -c -Wp,-MMD,build/armv7le-debug/src/Pedestrian.d,-MT,build/armv7le-debug/src/Pedestrian.o -o build/armv7le-debug/src/Pedestrian.o  -Wall -fmessage-length=0 -g -O0 -fno-builtin  src/Pedestrian.c
src/server.c: In function 'server_thread':
src/server.c:12:10: warning: return makes pointer from integer without a cast [-Wint-conversion]
   return EXIT_FAILURE;
          ^
src/server.c:73:4: warning: enumeration value 'COMMAND_CHANGE_LIGHT_TIMING' not handled in switch [-Wswitch]
    switch(msg.command)
    ^
src/server.c:73:4: warning: enumeration value 'COMMAND_CHANGE_LIGHT_PATTERN' not handled in switch [-Wswitch]
In file included from src/server.h:4:0,
                 from src/server.c:1:
src/server.c: At top level:
src/network.h:43:14: warning: 'CONN_STATE_STRS' defined but not used [-Wunused-variable]
 static char *CONN_STATE_STRS[CONN_STATE_COUNT] = {"Disconnected", "Connected"};
              ^
src/Pedestrian.c: In function 'changeState':
src/Pedestrian.c:21:10: warning: pointer targets in passing argument 1 of 'sprintf' differ in signedness [-Wpointer-sign]
  sprintf(LCDdata,"CLICKED");
          ^
In file included from src/Pedestrian.c:1:0:
C:/qnx700/target/qnx7/usr/include/stdio.h:184:12: note: expected 'char *' but argument is of type 'uint8_t * {aka unsigned char *}'
 extern int sprintf(char *__s, const char *__format, ...);
            ^
src/Pedestrian.c: In function 'pedestrian_sm':
src/Pedestrian.c:41:11: warning: pointer targets in passing argument 1 of 'sprintf' differ in signedness [-Wpointer-sign]
   sprintf(LCDdata,"RED");
           ^
In file included from src/Pedestrian.c:1:0:
C:/qnx700/target/qnx7/usr/include/stdio.h:184:12: note: expected 'char *' but argument is of type 'uint8_t * {aka unsigned char *}'
 extern int sprintf(char *__s, const char *__format, ...);
            ^
src/Pedestrian.c:45:11: warning: pointer targets in passing argument 1 of 'sprintf' differ in signedness [-Wpointer-sign]
   sprintf(LCDdata,"GREEN");
           ^
In file included from src/Pedestrian.c:1:0:
C:/qnx700/target/qnx7/usr/include/stdio.h:184:12: note: expected 'char *' but argument is of type 'uint8_t * {aka unsigned char *}'
 extern int sprintf(char *__s, const char *__format, ...);
            ^
src/Pedestrian.c:66:11: warning: pointer targets in passing argument 1 of 'sprintf' differ in signedness [-Wpointer-sign]
   sprintf(LCDdata,"RED");
           ^
In file included from src/Pedestrian.c:1:0:
C:/qnx700/target/qnx7/usr/include/stdio.h:184:12: note: expected 'char *' but argument is of type 'uint8_t * {aka unsigned char *}'
 extern int sprintf(char *__s, const char *__format, ...);
            ^
src/Pedestrian.c:70:11: warning: pointer targets in passing argument 1 of 'sprintf' differ in signedness [-Wpointer-sign]
   sprintf(LCDdata,"YELLOW");
           ^
In file included from src/Pedestrian.c:1:0:
C:/qnx700/target/qnx7/usr/include/stdio.h:184:12: note: expected 'char *' but argument is of type 'uint8_t * {aka unsigned char *}'
 extern int sprintf(char *__s, const char *__format, ...);
            ^
src/Pedestrian.c:74:11: warning: pointer targets in passing argument 1 of 'sprintf' differ in signedness [-Wpointer-sign]
   sprintf(LCDdata,"         ");
           ^
In file included from src/Pedestrian.c:1:0:
C:/qnx700/target/qnx7/usr/include/stdio.h:184:12: note: expected 'char *' but argument is of type 'uint8_t * {aka unsigned char *}'
 extern int sprintf(char *__s, const char *__format, ...);
            ^
src/Pedestrian.c:93:11: warning: pointer targets in passing argument 1 of 'sprintf' differ in signedness [-Wpointer-sign]
   sprintf(LCDdata,"GREEN");
           ^
In file included from src/Pedestrian.c:1:0:
C:/qnx700/target/qnx7/usr/include/stdio.h:184:12: note: expected 'char *' but argument is of type 'uint8_t * {aka unsigned char *}'
 extern int sprintf(char *__s, const char *__format, ...);
            ^
src/Pedestrian.c:97:11: warning: pointer targets in passing argument 1 of 'sprintf' differ in signedness [-Wpointer-sign]
   sprintf(LCDdata,"RED       ");
           ^
In file included from src/Pedestrian.c:1:0:
C:/qnx700/target/qnx7/usr/include/stdio.h:184:12: note: expected 'char *' but argument is of type 'uint8_t * {aka unsigned char *}'
 extern int sprintf(char *__s, const char *__format, ...);
            ^
src/Pedestrian.c:117:11: warning: pointer targets in passing argument 1 of 'sprintf' differ in signedness [-Wpointer-sign]
   sprintf(LCDdata,"FLASH RED");
           ^
In file included from src/Pedestrian.c:1:0:
C:/qnx700/target/qnx7/usr/include/stdio.h:184:12: note: expected 'char *' but argument is of type 'uint8_t * {aka unsigned char *}'
 extern int sprintf(char *__s, const char *__format, ...);
            ^
src/Pedestrian.c:121:11: warning: pointer targets in passing argument 1 of 'sprintf' differ in signedness [-Wpointer-sign]
   sprintf(LCDdata,"RED       ");
           ^
In file included from src/Pedestrian.c:1:0:
C:/qnx700/target/qnx7/usr/include/stdio.h:184:12: note: expected 'char *' but argument is of type 'uint8_t * {aka unsigned char *}'
 extern int sprintf(char *__s, const char *__format, ...);
            ^
src/Pedestrian.c: In function 'kms':
src/Pedestrian.c:163:10: warning: passing argument 1 of 'printf' from incompatible pointer type [-Wincompatible-pointer-types]
   printf(stderr, "%s: couldn't ConnectAttach to self!\n", prog_name);
          ^
In file included from src/Pedestrian.c:1:0:
C:/qnx700/target/qnx7/usr/include/stdio.h:176:12: note: expected 'const char *' but argument is of type 'FILE * {aka struct _Filet *}'
 extern int printf(const char *__format, ...);
            ^
src/Pedestrian.c:175:10: warning: passing argument 1 of 'printf' from incompatible pointer type [-Wincompatible-pointer-types]
   printf(stderr, "%s: couldn't create a timer, errno %d\n", prog_name,
          ^
In file included from src/Pedestrian.c:1:0:
C:/qnx700/target/qnx7/usr/include/stdio.h:176:12: note: expected 'const char *' but argument is of type 'FILE * {aka struct _Filet *}'
 extern int printf(const char *__format, ...);
            ^
src/Pedestrian.c: In function 'main':
src/Pedestrian.c:230:33: warning: unused variable 'trainClient' [-Wunused-variable]
  pthread_t s_thread, sm_thread, trainClient;
                                 ^
In file included from src/server.h:4:0,
                 from src/pedestrian.h:21,
                 from src/Pedestrian.c:4:
src/Pedestrian.c: At top level:
src/network.h:24:14: warning: 'CLIENT_NAMES' defined but not used [-Wunused-variable]
 static char *CLIENT_NAMES[NODE_COUNT] = { "Controller Node", "Freeway Node", "Malvern Intersection Node", "Train Node",
              ^
src/network.h:35:14: warning: 'COMMAND_STRS' defined but not used [-Wunused-variable]
 static char *COMMAND_STRS[COMMAND_COUNT] = {"Get State", "Set Sensor", "Change light timing", "Change light pattern"};
              ^
src/network.h:43:14: warning: 'CONN_STATE_STRS' defined but not used [-Wunused-variable]
 static char *CONN_STATE_STRS[CONN_STATE_COUNT] = {"Disconnected", "Connected"};
              ^
qcc -Vgcc_ntoarmv7le -o build/armv7le-debug/Pedestrian   build/armv7le-debug/src/server.o build/armv7le-debug/src/Pedestrian.o build/armv7le-debug/src/client.o build/armv7le-debug/src/lcd.o build/armv7le-debug/src/Sensors.o  
