20:07:57 **** Incremental Build of configuration armv7le-debug for project Pedestrian ****
make -j4 all 
qcc -Vgcc_ntoarmv7le -c -Wp,-MMD,build/armv7le-debug/src/server.d,-MT,build/armv7le-debug/src/server.o -o build/armv7le-debug/src/server.o  -Wall -fmessage-length=0 -g -O0 -fno-builtin  src/server.c
qcc -Vgcc_ntoarmv7le -c -Wp,-MMD,build/armv7le-debug/src/Pedestrian.d,-MT,build/armv7le-debug/src/Pedestrian.o -o build/armv7le-debug/src/Pedestrian.o  -Wall -fmessage-length=0 -g -O0 -fno-builtin  src/Pedestrian.c
src/server.c: In function 'server_thread':
src/server.c:12:10: warning: return makes pointer from integer without a cast [-Wint-conversion]
   return EXIT_FAILURE;
          ^
src/server.c:73:4: warning: enumeration value 'COMMAND_CHANGE_LIGHT_TIMING' not handled in switch [-Wswitch]
    switch(msg.command)
    ^
src/server.c:73:4: warning: enumeration value 'COMMAND_CHANGE_LIGHT_PATTERN' not handled in switch [-Wswitch]
In file included from src/server.h:4:0,
                 from src/server.c:1:
src/server.c: At top level:
src/network.h:43:14: warning: 'CONN_STATE_STRS' defined but not used [-Wunused-variable]
 static char *CONN_STATE_STRS[CONN_STATE_COUNT] = {"Disconnected", "Connected"};
              ^
src/Pedestrian.c: In function 'changeState':
src/Pedestrian.c:21:10: warning: pointer targets in passing argument 1 of 'sprintf' differ in signedness [-Wpointer-sign]
  sprintf(LCDdata,"CLICKED");
          ^
In file included from src/Pedestrian.c:1:0:
C:/qnx700/target/qnx7/usr/include/stdio.h:184:12: note: expected 'char *' but argument is of type 'uint8_t * {aka unsigned char *}'
 extern int sprintf(char *__s, const char *__format, ...);
            ^
src/Pedestrian.c: In function 'pedestrian_sm':
src/Pedestrian.c:41:11: warning: pointer targets in passing argument 1 of 'sprintf' differ in signedness [-Wpointer-sign]
   sprintf(LCDdata,"RED");
           ^
In file included from src/Pedestrian.c:1:0:
C:/qnx700/target/qnx7/usr/include/stdio.h:184:12: note: expected 'char *' but argument is of type 'uint8_t * {aka unsigned char *}'
 extern int sprintf(char *__s, const char *__format, ...);
            ^
src/Pedestrian.c:45:11: warning: pointer targets in passing argument 1 of 'sprintf' differ in signedness [-Wpointer-sign]
   sprintf(LCDdata,"GREEN");
           ^
In file included from src/Pedestrian.c:1:0:
C:/qnx700/target/qnx7/usr/include/stdio.h:184:12: note: expected 'char *' but argument is of type 'uint8_t * {aka unsigned char *}'
 extern int sprintf(char *__s, const char *__format, ...);
            ^
src/Pedestrian.c:66:11: warning: pointer targets in passing argument 1 of 'sprintf' differ in signedness [-Wpointer-sign]
   sprintf(LCDdata,"RED");
           ^
In file included from src/Pedestrian.c:1:0:
C:/qnx700/target/qnx7/usr/include/stdio.h:184:12: note: expected 'char *' but argument is of type 'uint8_t * {aka unsigned char *}'
 extern int sprintf(char *__s, const char *__format, ...);
            ^
src/Pedestrian.c:70:11: warning: pointer targets in passing argument 1 of 'sprintf' differ in signedness [-Wpointer-sign]
   sprintf(LCDdata,"YELLOW");
           ^
In file included from src/Pedestrian.c:1:0:
C:/qnx700/target/qnx7/usr/include/stdio.h:184:12: note: expected 'char *' but argument is of type 'uint8_t * {aka unsigned char *}'
 extern int sprintf(char *__s, const char *__format, ...);
            ^
src/Pedestrian.c:74:11: warning: pointer targets in passing argument 1 of 'sprintf' differ in signedness [-Wpointer-sign]
   sprintf(LCDdata,"         ");
           ^
In file included from src/Pedestrian.c:1:0:
C:/qnx700/target/qnx7/usr/include/stdio.h:184:12: note: expected 'char *' but argument is of type 'uint8_t * {aka unsigned char *}'
 extern int sprintf(char *__s, const char *__format, ...);
            ^
src/Pedestrian.c:93:11: warning: pointer targets in passing argument 1 of 'sprintf' differ in signedness [-Wpointer-sign]
   sprintf(LCDdata,"GREEN");
           ^
In file included from src/Pedestrian.c:1:0:
C:/qnx700/target/qnx7/usr/include/stdio.h:184:12: note: expected 'char *' but argument is of type 'uint8_t * {aka unsigned char *}'
 extern int sprintf(char *__s, const char *__format, ...);
            ^
src/Pedestrian.c:97:11: warning: pointer targets in passing argument 1 of 'sprintf' differ in signedness [-Wpointer-sign]
   sprintf(LCDdata,"RED       ");
           ^
In file included from src/Pedestrian.c:1:0:
C:/qnx700/target/qnx7/usr/include/stdio.h:184:12: note: expected 'char *' but argument is of type 'uint8_t * {aka unsigned char *}'
 extern int sprintf(char *__s, const char *__format, ...);
            ^
src/Pedestrian.c:117:11: warning: pointer targets in passing argument 1 of 'sprintf' differ in signedness [-Wpointer-sign]
   sprintf(LCDdata,"FLASH RED");
           ^
In file included from src/Pedestrian.c:1:0:
C:/qnx700/target/qnx7/usr/include/stdio.h:184:12: note: expected 'char *' but argument is of type 'uint8_t * {aka unsigned char *}'
 extern int sprintf(char *__s, const char *__format, ...);
            ^
src/Pedestrian.c:121:11: warning: pointer targets in passing argument 1 of 'sprintf' differ in signedness [-Wpointer-sign]
   sprintf(LCDdata,"RED       ");
           ^
In file included from src/Pedestrian.c:1:0:
C:/qnx700/target/qnx7/usr/include/stdio.h:184:12: note: expected 'char *' but argument is of type 'uint8_t * {aka unsigned char *}'
 extern int sprintf(char *__s, const char *__format, ...);
            ^
src/Pedestrian.c: In function 'kms':
src/Pedestrian.c:163:10: warning: passing argument 1 of 'printf' from incompatible pointer type [-Wincompatible-pointer-types]
   printf(stderr, "%s: couldn't ConnectAttach to self!\n", prog_name);
          ^
In file included from src/Pedestrian.c:1:0:
C:/qnx700/target/qnx7/usr/include/stdio.h:176:12: note: expected 'const char *' but argument is of type 'FILE * {aka struct _Filet *}'
 extern int printf(const char *__format, ...);
            ^
src/Pedestrian.c:175:10: warning: passing argument 1 of 'printf' from incompatible pointer type [-Wincompatible-pointer-types]
   printf(stderr, "%s: couldn't create a timer, errno %d\n", prog_name,
          ^
In file included from src/Pedestrian.c:1:0:
C:/qnx700/target/qnx7/usr/include/stdio.h:176:12: note: expected 'const char *' but argument is of type 'FILE * {aka struct _Filet *}'
 extern int printf(const char *__format, ...);
            ^
src/Pedestrian.c: In function 'main':
src/Pedestrian.c:230:33: warning: unused variable 'trainClient' [-Wunused-variable]
  pthread_t s_thread, sm_thread, trainClient;
                                 ^
In file included from src/server.h:4:0,
                 from src/pedestrian.h:21,
                 from src/Pedestrian.c:4:
src/Pedestrian.c: At top level:
src/network.h:24:14: warning: 'CLIENT_NAMES' defined but not used [-Wunused-variable]
 static char *CLIENT_NAMES[NODE_COUNT] = { "Controller Node", "Freeway Node", "Malvern Intersection Node", "Train Node",
              ^
src/network.h:35:14: warning: 'COMMAND_STRS' defined but not used [-Wunused-variable]
 static char *COMMAND_STRS[COMMAND_COUNT] = {"Get State", "Set Sensor", "Change light timing", "Change light pattern"};
              ^
src/network.h:43:14: warning: 'CONN_STATE_STRS' defined but not used [-Wunused-variable]
 static char *CONN_STATE_STRS[CONN_STATE_COUNT] = {"Disconnected", "Connected"};
              ^
qcc -Vgcc_ntoarmv7le -o build/armv7le-debug/Pedestrian   build/armv7le-debug/src/server.o build/armv7le-debug/src/Pedestrian.o build/armv7le-debug/src/client.o build/armv7le-debug/src/lcd.o build/armv7le-debug/src/Sensors.o  

20:07:58 Build Finished (took 1s.296ms)

